<?xml version="1.0" encoding="UTF-8"?>
<testng-results skipped="0" failed="0" ignored="0" total="1" passed="1">
  <reporter-output>
  </reporter-output>
  <suite name="Default suite" duration-ms="19" started-at="2019-05-28T22:32:22Z" finished-at="2019-05-28T22:32:22Z">
    <groups>
    </groups>
    <test name="Default test" duration-ms="19" started-at="2019-05-28T22:32:22Z" finished-at="2019-05-28T22:32:22Z">
      <class name="com.class10.test">
        <test-method status="PASS" signature="helloWorld()[pri:0, instance:com.class10.test@643b1d11]" name="helloWorld" duration-ms="6" started-at="2019-05-28T22:32:22Z" finished-at="2019-05-28T22:32:22Z">
          <reporter-output>
          </reporter-output>
        </test-method> <!-- helloWorld -->
      </class> <!-- com.class10.test -->
    </test> <!-- Default test -->
  </suite> <!-- Default suite -->
</testng-results>
